<?xml version="1.0" encoding="UTF-8"?>
<!-- Generated by org.testng.reporters.JUnitXMLReporter -->
<testsuite ignored="0" hostname="ASHIKULs-MBP" failures="0" tests="4" name="Login Page test " time="15.559" errors="0" timestamp="2023-07-25T01:00:05 EDT">
  <testcase classname="com.qa.opencart.tests.LoginPageTest" name="loginPageTest" time="0.219"/>
  <testcase classname="com.qa.opencart.tests.LoginPageTest" name="loginPageURLTest" time="0.015"/>
  <testcase classname="com.qa.opencart.tests.LoginPageTest" name="isFOrgotPwdLinkExistTest" time="0.674"/>
  <testcase classname="com.qa.opencart.tests.LoginPageTest" name="loginTest" time="3.567"/>
</testsuite> <!-- Login Page test  -->
